12.7s 1 Количество видео в датасете: 160
18.8s 2 Форма тензора с кадрами первого видео: torch.Size([62, 3, 224, 224])
18.8s 3 Аннотации первого видео: tensor([[0.4398, 0.4115, 0.4593, 0.3375],
18.8s 4 [0.4440, 0.4154, 0.4583, 0.3333],
18.8s 5 [0.4458, 0.4202, 0.4602, 0.3253],
18.8s 6 [0.4470, 0.4267, 0.4681, 0.3169],
18.8s 7 [0.4370, 0.4306, 0.4944, 0.3117],
18.8s 8 [0.4292, 0.4313, 0.5046, 0.3141],
18.8s 9 [0.4294, 0.4241, 0.5005, 0.3305],
18.8s 10 [0.4285, 0.4168, 0.4977, 0.3430],
18.8s 11 [0.4322, 0.4138, 0.4940, 0.3521],
18.8s 12 [0.4377, 0.4112, 0.4884, 0.3594],
18.8s 13 [0.4299, 0.4083, 0.4912, 0.3688],
18.8s 14 [0.4211, 0.4118, 0.4903, 0.3607],
18.8s 15 [0.4137, 0.4133, 0.4912, 0.3526],
18.8s 16 [0.4118, 0.4113, 0.4884, 0.3503],
18.8s 17 [0.4116, 0.4102, 0.4870, 0.3505],
18.8s 18 [0.4109, 0.4099, 0.4838, 0.3484],
18.8s 19 [0.4079, 0.4120, 0.4935, 0.3354],
18.8s 20 [0.4106, 0.4112, 0.5046, 0.3302],
18.8s 21 [0.3984, 0.4151, 0.5338, 0.3120],
18.8s 22 [0.3819, 0.4228, 0.5685, 0.2904],
18.8s 23 [0.3759, 0.4273, 0.5852, 0.2828],
18.8s 24 [0.3725, 0.4268, 0.5921, 0.2812],
18.8s 25 [0.3655, 0.4215, 0.5958, 0.2753],
18.8s 26 [0.3620, 0.4185, 0.6093, 0.2688],
18.8s 27 [0.3838, 0.4199, 0.6185, 0.2602],
18.8s 28 [0.4157, 0.4221, 0.6278, 0.2500],
18.8s 29 [0.4412, 0.4273, 0.6361, 0.2354],
18.8s 30 [0.4384, 0.4366, 0.6519, 0.2273],
18.8s 31 [0.4275, 0.4469, 0.6634, 0.2266],
18.8s 32 [0.4331, 0.4510, 0.6569, 0.2203],
18.8s 33 [0.4498, 0.4486, 0.6532, 0.2164],
18.8s 34 [0.4625, 0.4408, 0.6657, 0.2227],
18.8s 35 [0.4778, 0.4328, 0.6731, 0.2271],
18.8s 36 [0.4917, 0.4298, 0.6750, 0.2263],
18.8s 37 [0.4981, 0.4284, 0.6731, 0.2198],
18.8s 38 [0.5037, 0.4237, 0.6769, 0.2141],
18.8s 39 [0.5093, 0.4168, 0.6750, 0.2107],
18.8s 40 [0.5014, 0.4115, 0.6713, 0.2109],
18.8s 41 [0.5016, 0.4007, 0.6653, 0.2185],
18.8s 42 [0.5056, 0.3935, 0.6574, 0.2240],
18.8s 43 [0.4993, 0.3917, 0.6532, 0.2266],
18.8s 44 [0.4877, 0.3919, 0.6542, 0.2281],
18.8s 45 [0.4569, 0.3917, 0.6620, 0.2339],
18.8s 46 [0.4162, 0.3966, 0.6611, 0.2385],
18.8s 47 [0.3935, 0.3979, 0.6574, 0.2417],
18.8s 48 [0.3782, 0.4018, 0.6583, 0.2448],
18.8s 49 [0.3556, 0.4033, 0.6639, 0.2549],
18.8s 50 [0.3440, 0.4056, 0.6657, 0.2680],
18.8s 51 [0.3634, 0.3954, 0.6685, 0.3112],
18.8s 52 [0.3965, 0.3934, 0.6514, 0.3268],
18.8s 53 [0.4275, 0.3859, 0.6273, 0.3318],
18.8s 54 [0.4444, 0.3842, 0.6037, 0.3352],
18.8s 55 [0.4398, 0.3862, 0.5954, 0.3375],
18.8s 56 [0.4259, 0.3901, 0.5907, 0.3406],
18.8s 57 [0.4104, 0.3896, 0.5866, 0.3453],
18.8s 58 [0.3914, 0.3870, 0.5875, 0.3469],
18.8s 59 [0.3616, 0.3833, 0.5926, 0.3490],
18.8s 60 [0.3315, 0.3849, 0.5963, 0.3479],
18.8s 61 [0.3139, 0.3822, 0.5917, 0.3487],
18.8s 62 [0.3072, 0.3798, 0.5829, 0.3492],
18.8s 63 [0.3035, 0.3794, 0.5755, 0.3510],
18.8s 64 [0.2975, 0.3846, 0.5708, 0.3495]])
19.5s 65 Epoch: 0
4688.3s 66 Epoch 1, Train IoU: 0.4684946215058517, Val IoU: 0.2141045485634095
4688.3s 67 Epoch: 1
9285.0s 68 Epoch 2, Train IoU: 0.47972670482122337, Val IoU: 0.26290214028485936
9285.0s 69 Epoch: 2
13821.9s 70 Epoch 3, Train IoU: 0.4888646956998855, Val IoU: 0.3382705193478614
13821.9s 71 Epoch: 3
18155.8s 72 Epoch 4, Train IoU: 0.48967359099769964, Val IoU: 0.3850886644853745
18155.8s 73 Epoch: 4
22449.0s 74 Epoch 5, Train IoU: 0.49264716315083207, Val IoU: 0.4371056943433359
22449.0s 75 Epoch: 5
26802.4s 76 Epoch 6, Train IoU: 0.49584988318383694, Val IoU: 0.4596260522725061
26802.4s 77 Epoch: 6
31259.7s 78 Epoch 7, Train IoU: 0.4937621556222439, Val IoU: 0.4839818140026182
31259.7s 79 Epoch: 7
35714.4s 80 Epoch 8, Train IoU: 0.4947548347176053, Val IoU: 0.4997521974146366
35714.4s 81 Epoch: 8
40261.5s 82 Epoch 9, Train IoU: 0.49602847734931854, Val IoU: 0.5026982524897903
40261.5s 83 Epoch: 9